[      52ms] [ERROR] Failed to load resource: the server responded with a status of 500 (Internal Server Error) @ http://127.0.0.1:3010/devices/7853ecfc-5f1e-41ef-8ab6-40fee2a50407:0
[     126ms] Error: ./src/components/device-access-panel.tsx:379:7
Parsing ecmascript source code failed
  377 |         </DialogContent>
  378 |       </Dialog>
> 379 |     </Card>
      |       ^^^^
  380 |   );
  381 | }
  382 |

Expected corresponding JSX closing tag for <div>

Import traces:
  Client Component Browser:
    ./src/components/device-access-panel.tsx [Client Component Browser]
    ./src/app/devices/[id]/page.tsx [Client Component Browser]
    ./src/app/devices/[id]/page.tsx [Server Component]

  Client Component SSR:
    ./src/components/device-access-panel.tsx [Client Component SSR]
    ./src/app/devices/[id]/page.tsx [Client Component SSR]
    ./src/app/devices/[id]/page.tsx [Server Component]


    at <unknown> (Error: ./src/components/device-access-panel.tsx:379:7)
    at Object.getCompilationErrors (file:///Users/braedonsaunders/Documents/Code/steward/node_modules/next/dist/server/dev/hot-reloader-turbopack.js:1008:59)
    at DevBundlerService.getCompilationError (file:///Users/braedonsaunders/Documents/Code/steward/node_modules/next/dist/server/lib/dev-bundler-service.js:44:55)
    at DevServer.getCompilationError (file:///Users/braedonsaunders/Documents/Code/steward/node_modules/next/dist/server/dev/next-dev-server.js:706:42)
    at DevServer.findPageComponents (file:///Users/braedonsaunders/Documents/Code/steward/node_modules/next/dist/server/dev/next-dev-server.js:676:43)
    at async DevServer.renderErrorToResponseImpl (file:///Users/braedonsaunders/Documents/Code/steward/node_modules/next/dist/server/base-server.js:1733:26)
[     134ms] [ERROR] ./src/components/device-access-panel.tsx:379:7
Parsing ecmascript source code failed
  377 |         </DialogContent>
  378 |       </Dialog>
> 379 |     </Card>
      |       ^^^^
  380 |   );
  381 | }
  382 |

Expected corresponding JSX closing tag for <div>

Import traces:
  Client Component Browser:
    ./src/components/device-access-panel.tsx [Client Component Browser]
    ./src/app/devices/[id]/page.tsx [Client Component Browser]
    ./src/app/devices/[id]/page.tsx [Server Component]

  Client Component SSR:
    ./src/components/device-access-panel.tsx [Client Component SSR]
    ./src/app/devices/[id]/page.tsx [Client Component SSR]
    ./src/app/devices/[id]/page.tsx [Server Component] @ http://127.0.0.1:3010/_next/static/chunks/node_modules_next_dist_b3fb3b5f._.js:1920
[     204ms] [ERROR] ./src/components/device-access-panel.tsx:379:7
Parsing ecmascript source code failed
  377 |         </DialogContent>
  378 |       </Dialog>
> 379 |     </Card>
      |       ^^^^
  380 |   );
  381 | }
  382 |

Expected corresponding JSX closing tag for <div>

Import traces:
  Client Component Browser:
    ./src/components/device-access-panel.tsx [Client Component Browser]
    ./src/app/devices/[id]/page.tsx [Client Component Browser]
    ./src/app/devices/[id]/page.tsx [Server Component]

  Client Component SSR:
    ./src/components/device-access-panel.tsx [Client Component SSR]
    ./src/app/devices/[id]/page.tsx [Client Component SSR]
    ./src/app/devices/[id]/page.tsx [Server Component] @ http://127.0.0.1:3010/_next/static/chunks/node_modules_next_dist_b3fb3b5f._.js:1920
[     251ms] [ERROR] ./src/components/device-access-panel.tsx:379:7
Parsing ecmascript source code failed
  377 |         </DialogContent>
  378 |       </Dialog>
> 379 |     </Card>
      |       ^^^^
  380 |   );
  381 | }
  382 |

Expected corresponding JSX closing tag for <div>

Import traces:
  Client Component Browser:
    ./src/components/device-access-panel.tsx [Client Component Browser]
    ./src/app/devices/[id]/page.tsx [Client Component Browser]
    ./src/app/devices/[id]/page.tsx [Server Component]

  Client Component SSR:
    ./src/components/device-access-panel.tsx [Client Component SSR]
    ./src/app/devices/[id]/page.tsx [Client Component SSR]
    ./src/app/devices/[id]/page.tsx [Server Component] @ http://127.0.0.1:3010/_next/static/chunks/node_modules_next_dist_b3fb3b5f._.js:1920
[     301ms] [ERROR] ./src/components/device-access-panel.tsx:379:7
Parsing ecmascript source code failed
  377 |         </DialogContent>
  378 |       </Dialog>
> 379 |     </Card>
      |       ^^^^
  380 |   );
  381 | }
  382 |

Expected corresponding JSX closing tag for <div>

Import traces:
  Client Component Browser:
    ./src/components/device-access-panel.tsx [Client Component Browser]
    ./src/app/devices/[id]/page.tsx [Client Component Browser]
    ./src/app/devices/[id]/page.tsx [Server Component]

  Client Component SSR:
    ./src/components/device-access-panel.tsx [Client Component SSR]
    ./src/app/devices/[id]/page.tsx [Client Component SSR]
    ./src/app/devices/[id]/page.tsx [Server Component] @ http://127.0.0.1:3010/_next/static/chunks/node_modules_next_dist_b3fb3b5f._.js:1920
[     348ms] [ERROR] ./src/components/device-access-panel.tsx:379:7
Parsing ecmascript source code failed
  377 |         </DialogContent>
  378 |       </Dialog>
> 379 |     </Card>
      |       ^^^^
  380 |   );
  381 | }
  382 |

Expected corresponding JSX closing tag for <div>

Import traces:
  Client Component Browser:
    ./src/components/device-access-panel.tsx [Client Component Browser]
    ./src/app/devices/[id]/page.tsx [Client Component Browser]
    ./src/app/devices/[id]/page.tsx [Server Component]

  Client Component SSR:
    ./src/components/device-access-panel.tsx [Client Component SSR]
    ./src/app/devices/[id]/page.tsx [Client Component SSR]
    ./src/app/devices/[id]/page.tsx [Server Component] @ http://127.0.0.1:3010/_next/static/chunks/node_modules_next_dist_b3fb3b5f._.js:1920
[     402ms] [ERROR] ./src/components/device-access-panel.tsx:379:7
Parsing ecmascript source code failed
  377 |         </DialogContent>
  378 |       </Dialog>
> 379 |     </Card>
      |       ^^^^
  380 |   );
  381 | }
  382 |

Expected corresponding JSX closing tag for <div>

Import traces:
  Client Component Browser:
    ./src/components/device-access-panel.tsx [Client Component Browser]
    ./src/app/devices/[id]/page.tsx [Client Component Browser]
    ./src/app/devices/[id]/page.tsx [Server Component]

  Client Component SSR:
    ./src/components/device-access-panel.tsx [Client Component SSR]
    ./src/app/devices/[id]/page.tsx [Client Component SSR]
    ./src/app/devices/[id]/page.tsx [Server Component] @ http://127.0.0.1:3010/_next/static/chunks/node_modules_next_dist_b3fb3b5f._.js:1920
[     456ms] [ERROR] ./src/components/device-access-panel.tsx:379:7
Parsing ecmascript source code failed
  377 |         </DialogContent>
  378 |       </Dialog>
> 379 |     </Card>
      |       ^^^^
  380 |   );
  381 | }
  382 |

Expected corresponding JSX closing tag for <div>

Import traces:
  Client Component Browser:
    ./src/components/device-access-panel.tsx [Client Component Browser]
    ./src/app/devices/[id]/page.tsx [Client Component Browser]
    ./src/app/devices/[id]/page.tsx [Server Component]

  Client Component SSR:
    ./src/components/device-access-panel.tsx [Client Component SSR]
    ./src/app/devices/[id]/page.tsx [Client Component SSR]
    ./src/app/devices/[id]/page.tsx [Server Component] @ http://127.0.0.1:3010/_next/static/chunks/node_modules_next_dist_b3fb3b5f._.js:1920
[     509ms] [ERROR] ./src/components/device-access-panel.tsx:379:7
Parsing ecmascript source code failed
  377 |         </DialogContent>
  378 |       </Dialog>
> 379 |     </Card>
      |       ^^^^
  380 |   );
  381 | }
  382 |

Expected corresponding JSX closing tag for <div>

Import traces:
  Client Component Browser:
    ./src/components/device-access-panel.tsx [Client Component Browser]
    ./src/app/devices/[id]/page.tsx [Client Component Browser]
    ./src/app/devices/[id]/page.tsx [Server Component]

  Client Component SSR:
    ./src/components/device-access-panel.tsx [Client Component SSR]
    ./src/app/devices/[id]/page.tsx [Client Component SSR]
    ./src/app/devices/[id]/page.tsx [Server Component] @ http://127.0.0.1:3010/_next/static/chunks/node_modules_next_dist_b3fb3b5f._.js:1920
[     564ms] [ERROR] ./src/components/device-access-panel.tsx:379:7
Parsing ecmascript source code failed
  377 |         </DialogContent>
  378 |       </Dialog>
> 379 |     </Card>
      |       ^^^^
  380 |   );
  381 | }
  382 |

Expected corresponding JSX closing tag for <div>

Import traces:
  Client Component Browser:
    ./src/components/device-access-panel.tsx [Client Component Browser]
    ./src/app/devices/[id]/page.tsx [Client Component Browser]
    ./src/app/devices/[id]/page.tsx [Server Component]

  Client Component SSR:
    ./src/components/device-access-panel.tsx [Client Component SSR]
    ./src/app/devices/[id]/page.tsx [Client Component SSR]
    ./src/app/devices/[id]/page.tsx [Server Component] @ http://127.0.0.1:3010/_next/static/chunks/node_modules_next_dist_b3fb3b5f._.js:1920
[     618ms] [ERROR] ./src/components/device-access-panel.tsx:379:7
Parsing ecmascript source code failed
  377 |         </DialogContent>
  378 |       </Dialog>
> 379 |     </Card>
      |       ^^^^
  380 |   );
  381 | }
  382 |

Expected corresponding JSX closing tag for <div>

Import traces:
  Client Component Browser:
    ./src/components/device-access-panel.tsx [Client Component Browser]
    ./src/app/devices/[id]/page.tsx [Client Component Browser]
    ./src/app/devices/[id]/page.tsx [Server Component]

  Client Component SSR:
    ./src/components/device-access-panel.tsx [Client Component SSR]
    ./src/app/devices/[id]/page.tsx [Client Component SSR]
    ./src/app/devices/[id]/page.tsx [Server Component] @ http://127.0.0.1:3010/_next/static/chunks/node_modules_next_dist_b3fb3b5f._.js:1920
[     672ms] [ERROR] ./src/components/device-access-panel.tsx:379:7
Parsing ecmascript source code failed
  377 |         </DialogContent>
  378 |       </Dialog>
> 379 |     </Card>
      |       ^^^^
  380 |   );
  381 | }
  382 |

Expected corresponding JSX closing tag for <div>

Import traces:
  Client Component Browser:
    ./src/components/device-access-panel.tsx [Client Component Browser]
    ./src/app/devices/[id]/page.tsx [Client Component Browser]
    ./src/app/devices/[id]/page.tsx [Server Component]

  Client Component SSR:
    ./src/components/device-access-panel.tsx [Client Component SSR]
    ./src/app/devices/[id]/page.tsx [Client Component SSR]
    ./src/app/devices/[id]/page.tsx [Server Component] @ http://127.0.0.1:3010/_next/static/chunks/node_modules_next_dist_b3fb3b5f._.js:1920
[     728ms] [ERROR] ./src/components/device-access-panel.tsx:379:7
Parsing ecmascript source code failed
  377 |         </DialogContent>
  378 |       </Dialog>
> 379 |     </Card>
      |       ^^^^
  380 |   );
  381 | }
  382 |

Expected corresponding JSX closing tag for <div>

Import traces:
  Client Component Browser:
    ./src/components/device-access-panel.tsx [Client Component Browser]
    ./src/app/devices/[id]/page.tsx [Client Component Browser]
    ./src/app/devices/[id]/page.tsx [Server Component]

  Client Component SSR:
    ./src/components/device-access-panel.tsx [Client Component SSR]
    ./src/app/devices/[id]/page.tsx [Client Component SSR]
    ./src/app/devices/[id]/page.tsx [Server Component] @ http://127.0.0.1:3010/_next/static/chunks/node_modules_next_dist_b3fb3b5f._.js:1920
[     785ms] [ERROR] ./src/components/device-access-panel.tsx:379:7
Parsing ecmascript source code failed
  377 |         </DialogContent>
  378 |       </Dialog>
> 379 |     </Card>
      |       ^^^^
  380 |   );
  381 | }
  382 |

Expected corresponding JSX closing tag for <div>

Import traces:
  Client Component Browser:
    ./src/components/device-access-panel.tsx [Client Component Browser]
    ./src/app/devices/[id]/page.tsx [Client Component Browser]
    ./src/app/devices/[id]/page.tsx [Server Component]

  Client Component SSR:
    ./src/components/device-access-panel.tsx [Client Component SSR]
    ./src/app/devices/[id]/page.tsx [Client Component SSR]
    ./src/app/devices/[id]/page.tsx [Server Component] @ http://127.0.0.1:3010/_next/static/chunks/node_modules_next_dist_b3fb3b5f._.js:1920
[     840ms] [ERROR] ./src/components/device-access-panel.tsx:379:7
Parsing ecmascript source code failed
  377 |         </DialogContent>
  378 |       </Dialog>
> 379 |     </Card>
      |       ^^^^
  380 |   );
  381 | }
  382 |

Expected corresponding JSX closing tag for <div>

Import traces:
  Client Component Browser:
    ./src/components/device-access-panel.tsx [Client Component Browser]
    ./src/app/devices/[id]/page.tsx [Client Component Browser]
    ./src/app/devices/[id]/page.tsx [Server Component]

  Client Component SSR:
    ./src/components/device-access-panel.tsx [Client Component SSR]
    ./src/app/devices/[id]/page.tsx [Client Component SSR]
    ./src/app/devices/[id]/page.tsx [Server Component] @ http://127.0.0.1:3010/_next/static/chunks/node_modules_next_dist_b3fb3b5f._.js:1920
[     895ms] [ERROR] ./src/components/device-access-panel.tsx:379:7
Parsing ecmascript source code failed
  377 |         </DialogContent>
  378 |       </Dialog>
> 379 |     </Card>
      |       ^^^^
  380 |   );
  381 | }
  382 |

Expected corresponding JSX closing tag for <div>

Import traces:
  Client Component Browser:
    ./src/components/device-access-panel.tsx [Client Component Browser]
    ./src/app/devices/[id]/page.tsx [Client Component Browser]
    ./src/app/devices/[id]/page.tsx [Server Component]

  Client Component SSR:
    ./src/components/device-access-panel.tsx [Client Component SSR]
    ./src/app/devices/[id]/page.tsx [Client Component SSR]
    ./src/app/devices/[id]/page.tsx [Server Component] @ http://127.0.0.1:3010/_next/static/chunks/node_modules_next_dist_b3fb3b5f._.js:1920
[     950ms] [ERROR] ./src/components/device-access-panel.tsx:379:7
Parsing ecmascript source code failed
  377 |         </DialogContent>
  378 |       </Dialog>
> 379 |     </Card>
      |       ^^^^
  380 |   );
  381 | }
  382 |

Expected corresponding JSX closing tag for <div>

Import traces:
  Client Component Browser:
    ./src/components/device-access-panel.tsx [Client Component Browser]
    ./src/app/devices/[id]/page.tsx [Client Component Browser]
    ./src/app/devices/[id]/page.tsx [Server Component]

  Client Component SSR:
    ./src/components/device-access-panel.tsx [Client Component SSR]
    ./src/app/devices/[id]/page.tsx [Client Component SSR]
    ./src/app/devices/[id]/page.tsx [Server Component] @ http://127.0.0.1:3010/_next/static/chunks/node_modules_next_dist_b3fb3b5f._.js:1920
[    1003ms] [ERROR] ./src/components/device-access-panel.tsx:379:7
Parsing ecmascript source code failed
  377 |         </DialogContent>
  378 |       </Dialog>
> 379 |     </Card>
      |       ^^^^
  380 |   );
  381 | }
  382 |

Expected corresponding JSX closing tag for <div>

Import traces:
  Client Component Browser:
    ./src/components/device-access-panel.tsx [Client Component Browser]
    ./src/app/devices/[id]/page.tsx [Client Component Browser]
    ./src/app/devices/[id]/page.tsx [Server Component]

  Client Component SSR:
    ./src/components/device-access-panel.tsx [Client Component SSR]
    ./src/app/devices/[id]/page.tsx [Client Component SSR]
    ./src/app/devices/[id]/page.tsx [Server Component] @ http://127.0.0.1:3010/_next/static/chunks/node_modules_next_dist_b3fb3b5f._.js:1920
[    1056ms] [ERROR] ./src/components/device-access-panel.tsx:379:7
Parsing ecmascript source code failed
  377 |         </DialogContent>
  378 |       </Dialog>
> 379 |     </Card>
      |       ^^^^
  380 |   );
  381 | }
  382 |

Expected corresponding JSX closing tag for <div>

Import traces:
  Client Component Browser:
    ./src/components/device-access-panel.tsx [Client Component Browser]
    ./src/app/devices/[id]/page.tsx [Client Component Browser]
    ./src/app/devices/[id]/page.tsx [Server Component]

  Client Component SSR:
    ./src/components/device-access-panel.tsx [Client Component SSR]
    ./src/app/devices/[id]/page.tsx [Client Component SSR]
    ./src/app/devices/[id]/page.tsx [Server Component] @ http://127.0.0.1:3010/_next/static/chunks/node_modules_next_dist_b3fb3b5f._.js:1920
[    1106ms] [ERROR] ./src/components/device-access-panel.tsx:379:7
Parsing ecmascript source code failed
  377 |         </DialogContent>
  378 |       </Dialog>
> 379 |     </Card>
      |       ^^^^
  380 |   );
  381 | }
  382 |

Expected corresponding JSX closing tag for <div>

Import traces:
  Client Component Browser:
    ./src/components/device-access-panel.tsx [Client Component Browser]
    ./src/app/devices/[id]/page.tsx [Client Component Browser]
    ./src/app/devices/[id]/page.tsx [Server Component]

  Client Component SSR:
    ./src/components/device-access-panel.tsx [Client Component SSR]
    ./src/app/devices/[id]/page.tsx [Client Component SSR]
    ./src/app/devices/[id]/page.tsx [Server Component] @ http://127.0.0.1:3010/_next/static/chunks/node_modules_next_dist_b3fb3b5f._.js:1920
[    1160ms] [ERROR] ./src/components/device-access-panel.tsx:379:7
Parsing ecmascript source code failed
  377 |         </DialogContent>
  378 |       </Dialog>
> 379 |     </Card>
      |       ^^^^
  380 |   );
  381 | }
  382 |

Expected corresponding JSX closing tag for <div>

Import traces:
  Client Component Browser:
    ./src/components/device-access-panel.tsx [Client Component Browser]
    ./src/app/devices/[id]/page.tsx [Client Component Browser]
    ./src/app/devices/[id]/page.tsx [Server Component]

  Client Component SSR:
    ./src/components/device-access-panel.tsx [Client Component SSR]
    ./src/app/devices/[id]/page.tsx [Client Component SSR]
    ./src/app/devices/[id]/page.tsx [Server Component] @ http://127.0.0.1:3010/_next/static/chunks/node_modules_next_dist_b3fb3b5f._.js:1920
[    1215ms] [ERROR] ./src/components/device-access-panel.tsx:379:7
Parsing ecmascript source code failed
  377 |         </DialogContent>
  378 |       </Dialog>
> 379 |     </Card>
      |       ^^^^
  380 |   );
  381 | }
  382 |

Expected corresponding JSX closing tag for <div>

Import traces:
  Client Component Browser:
    ./src/components/device-access-panel.tsx [Client Component Browser]
    ./src/app/devices/[id]/page.tsx [Client Component Browser]
    ./src/app/devices/[id]/page.tsx [Server Component]

  Client Component SSR:
    ./src/components/device-access-panel.tsx [Client Component SSR]
    ./src/app/devices/[id]/page.tsx [Client Component SSR]
    ./src/app/devices/[id]/page.tsx [Server Component] @ http://127.0.0.1:3010/_next/static/chunks/node_modules_next_dist_b3fb3b5f._.js:1920
[    1271ms] [ERROR] ./src/components/device-access-panel.tsx:379:7
Parsing ecmascript source code failed
  377 |         </DialogContent>
  378 |       </Dialog>
> 379 |     </Card>
      |       ^^^^
  380 |   );
  381 | }
  382 |

Expected corresponding JSX closing tag for <div>

Import traces:
  Client Component Browser:
    ./src/components/device-access-panel.tsx [Client Component Browser]
    ./src/app/devices/[id]/page.tsx [Client Component Browser]
    ./src/app/devices/[id]/page.tsx [Server Component]

  Client Component SSR:
    ./src/components/device-access-panel.tsx [Client Component SSR]
    ./src/app/devices/[id]/page.tsx [Client Component SSR]
    ./src/app/devices/[id]/page.tsx [Server Component] @ http://127.0.0.1:3010/_next/static/chunks/node_modules_next_dist_b3fb3b5f._.js:1920
[    1328ms] [ERROR] ./src/components/device-access-panel.tsx:379:7
Parsing ecmascript source code failed
  377 |         </DialogContent>
  378 |       </Dialog>
> 379 |     </Card>
      |       ^^^^
  380 |   );
  381 | }
  382 |

Expected corresponding JSX closing tag for <div>

Import traces:
  Client Component Browser:
    ./src/components/device-access-panel.tsx [Client Component Browser]
    ./src/app/devices/[id]/page.tsx [Client Component Browser]
    ./src/app/devices/[id]/page.tsx [Server Component]

  Client Component SSR:
    ./src/components/device-access-panel.tsx [Client Component SSR]
    ./src/app/devices/[id]/page.tsx [Client Component SSR]
    ./src/app/devices/[id]/page.tsx [Server Component] @ http://127.0.0.1:3010/_next/static/chunks/node_modules_next_dist_b3fb3b5f._.js:1920
[    1385ms] [ERROR] ./src/components/device-access-panel.tsx:379:7
Parsing ecmascript source code failed
  377 |         </DialogContent>
  378 |       </Dialog>
> 379 |     </Card>
      |       ^^^^
  380 |   );
  381 | }
  382 |

Expected corresponding JSX closing tag for <div>

Import traces:
  Client Component Browser:
    ./src/components/device-access-panel.tsx [Client Component Browser]
    ./src/app/devices/[id]/page.tsx [Client Component Browser]
    ./src/app/devices/[id]/page.tsx [Server Component]

  Client Component SSR:
    ./src/components/device-access-panel.tsx [Client Component SSR]
    ./src/app/devices/[id]/page.tsx [Client Component SSR]
    ./src/app/devices/[id]/page.tsx [Server Component] @ http://127.0.0.1:3010/_next/static/chunks/node_modules_next_dist_b3fb3b5f._.js:1920
[    1445ms] [ERROR] ./src/components/device-access-panel.tsx:379:7
Parsing ecmascript source code failed
  377 |         </DialogContent>
  378 |       </Dialog>
> 379 |     </Card>
      |       ^^^^
  380 |   );
  381 | }
  382 |

Expected corresponding JSX closing tag for <div>

Import traces:
  Client Component Browser:
    ./src/components/device-access-panel.tsx [Client Component Browser]
    ./src/app/devices/[id]/page.tsx [Client Component Browser]
    ./src/app/devices/[id]/page.tsx [Server Component]

  Client Component SSR:
    ./src/components/device-access-panel.tsx [Client Component SSR]
    ./src/app/devices/[id]/page.tsx [Client Component SSR]
    ./src/app/devices/[id]/page.tsx [Server Component] @ http://127.0.0.1:3010/_next/static/chunks/node_modules_next_dist_b3fb3b5f._.js:1920
[    1502ms] [ERROR] ./src/components/device-access-panel.tsx:379:7
Parsing ecmascript source code failed
  377 |         </DialogContent>
  378 |       </Dialog>
> 379 |     </Card>
      |       ^^^^
  380 |   );
  381 | }
  382 |

Expected corresponding JSX closing tag for <div>

Import traces:
  Client Component Browser:
    ./src/components/device-access-panel.tsx [Client Component Browser]
    ./src/app/devices/[id]/page.tsx [Client Component Browser]
    ./src/app/devices/[id]/page.tsx [Server Component]

  Client Component SSR:
    ./src/components/device-access-panel.tsx [Client Component SSR]
    ./src/app/devices/[id]/page.tsx [Client Component SSR]
    ./src/app/devices/[id]/page.tsx [Server Component] @ http://127.0.0.1:3010/_next/static/chunks/node_modules_next_dist_b3fb3b5f._.js:1920
[    1559ms] [ERROR] ./src/components/device-access-panel.tsx:379:7
Parsing ecmascript source code failed
  377 |         </DialogContent>
  378 |       </Dialog>
> 379 |     </Card>
      |       ^^^^
  380 |   );
  381 | }
  382 |

Expected corresponding JSX closing tag for <div>

Import traces:
  Client Component Browser:
    ./src/components/device-access-panel.tsx [Client Component Browser]
    ./src/app/devices/[id]/page.tsx [Client Component Browser]
    ./src/app/devices/[id]/page.tsx [Server Component]

  Client Component SSR:
    ./src/components/device-access-panel.tsx [Client Component SSR]
    ./src/app/devices/[id]/page.tsx [Client Component SSR]
    ./src/app/devices/[id]/page.tsx [Server Component] @ http://127.0.0.1:3010/_next/static/chunks/node_modules_next_dist_b3fb3b5f._.js:1920
[    1618ms] [ERROR] ./src/components/device-access-panel.tsx:379:7
Parsing ecmascript source code failed
  377 |         </DialogContent>
  378 |       </Dialog>
> 379 |     </Card>
      |       ^^^^
  380 |   );
  381 | }
  382 |

Expected corresponding JSX closing tag for <div>

Import traces:
  Client Component Browser:
    ./src/components/device-access-panel.tsx [Client Component Browser]
    ./src/app/devices/[id]/page.tsx [Client Component Browser]
    ./src/app/devices/[id]/page.tsx [Server Component]

  Client Component SSR:
    ./src/components/device-access-panel.tsx [Client Component SSR]
    ./src/app/devices/[id]/page.tsx [Client Component SSR]
    ./src/app/devices/[id]/page.tsx [Server Component] @ http://127.0.0.1:3010/_next/static/chunks/node_modules_next_dist_b3fb3b5f._.js:1920
[    1677ms] [ERROR] ./src/components/device-access-panel.tsx:379:7
Parsing ecmascript source code failed
  377 |         </DialogContent>
  378 |       </Dialog>
> 379 |     </Card>
      |       ^^^^
  380 |   );
  381 | }
  382 |

Expected corresponding JSX closing tag for <div>

Import traces:
  Client Component Browser:
    ./src/components/device-access-panel.tsx [Client Component Browser]
    ./src/app/devices/[id]/page.tsx [Client Component Browser]
    ./src/app/devices/[id]/page.tsx [Server Component]

  Client Component SSR:
    ./src/components/device-access-panel.tsx [Client Component SSR]
    ./src/app/devices/[id]/page.tsx [Client Component SSR]
    ./src/app/devices/[id]/page.tsx [Server Component] @ http://127.0.0.1:3010/_next/static/chunks/node_modules_next_dist_b3fb3b5f._.js:1920
[    1737ms] [ERROR] ./src/components/device-access-panel.tsx:379:7
Parsing ecmascript source code failed
  377 |         </DialogContent>
  378 |       </Dialog>
> 379 |     </Card>
      |       ^^^^
  380 |   );
  381 | }
  382 |

Expected corresponding JSX closing tag for <div>

Import traces:
  Client Component Browser:
    ./src/components/device-access-panel.tsx [Client Component Browser]
    ./src/app/devices/[id]/page.tsx [Client Component Browser]
    ./src/app/devices/[id]/page.tsx [Server Component]

  Client Component SSR:
    ./src/components/device-access-panel.tsx [Client Component SSR]
    ./src/app/devices/[id]/page.tsx [Client Component SSR]
    ./src/app/devices/[id]/page.tsx [Server Component] @ http://127.0.0.1:3010/_next/static/chunks/node_modules_next_dist_b3fb3b5f._.js:1920
[    1794ms] [ERROR] ./src/components/device-access-panel.tsx:379:7
Parsing ecmascript source code failed
  377 |         </DialogContent>
  378 |       </Dialog>
> 379 |     </Card>
      |       ^^^^
  380 |   );
  381 | }
  382 |

Expected corresponding JSX closing tag for <div>

Import traces:
  Client Component Browser:
    ./src/components/device-access-panel.tsx [Client Component Browser]
    ./src/app/devices/[id]/page.tsx [Client Component Browser]
    ./src/app/devices/[id]/page.tsx [Server Component]

  Client Component SSR:
    ./src/components/device-access-panel.tsx [Client Component SSR]
    ./src/app/devices/[id]/page.tsx [Client Component SSR]
    ./src/app/devices/[id]/page.tsx [Server Component] @ http://127.0.0.1:3010/_next/static/chunks/node_modules_next_dist_b3fb3b5f._.js:1920
[    1853ms] [ERROR] ./src/components/device-access-panel.tsx:379:7
Parsing ecmascript source code failed
  377 |         </DialogContent>
  378 |       </Dialog>
> 379 |     </Card>
      |       ^^^^
  380 |   );
  381 | }
  382 |

Expected corresponding JSX closing tag for <div>

Import traces:
  Client Component Browser:
    ./src/components/device-access-panel.tsx [Client Component Browser]
    ./src/app/devices/[id]/page.tsx [Client Component Browser]
    ./src/app/devices/[id]/page.tsx [Server Component]

  Client Component SSR:
    ./src/components/device-access-panel.tsx [Client Component SSR]
    ./src/app/devices/[id]/page.tsx [Client Component SSR]
    ./src/app/devices/[id]/page.tsx [Server Component] @ http://127.0.0.1:3010/_next/static/chunks/node_modules_next_dist_b3fb3b5f._.js:1920
[    1900ms] [ERROR] ./src/components/device-access-panel.tsx:379:7
Parsing ecmascript source code failed
  377 |         </DialogContent>
  378 |       </Dialog>
> 379 |     </Card>
      |       ^^^^
  380 |   );
  381 | }
  382 |

Expected corresponding JSX closing tag for <div>

Import traces:
  Client Component Browser:
    ./src/components/device-access-panel.tsx [Client Component Browser]
    ./src/app/devices/[id]/page.tsx [Client Component Browser]
    ./src/app/devices/[id]/page.tsx [Server Component]

  Client Component SSR:
    ./src/components/device-access-panel.tsx [Client Component SSR]
    ./src/app/devices/[id]/page.tsx [Client Component SSR]
    ./src/app/devices/[id]/page.tsx [Server Component] @ http://127.0.0.1:3010/_next/static/chunks/node_modules_next_dist_b3fb3b5f._.js:1920
[    1956ms] [ERROR] ./src/components/device-access-panel.tsx:379:7
Parsing ecmascript source code failed
  377 |         </DialogContent>
  378 |       </Dialog>
> 379 |     </Card>
      |       ^^^^
  380 |   );
  381 | }
  382 |

Expected corresponding JSX closing tag for <div>

Import traces:
  Client Component Browser:
    ./src/components/device-access-panel.tsx [Client Component Browser]
    ./src/app/devices/[id]/page.tsx [Client Component Browser]
    ./src/app/devices/[id]/page.tsx [Server Component]

  Client Component SSR:
    ./src/components/device-access-panel.tsx [Client Component SSR]
    ./src/app/devices/[id]/page.tsx [Client Component SSR]
    ./src/app/devices/[id]/page.tsx [Server Component] @ http://127.0.0.1:3010/_next/static/chunks/node_modules_next_dist_b3fb3b5f._.js:1920
[    2010ms] [ERROR] ./src/components/device-access-panel.tsx:379:7
Parsing ecmascript source code failed
  377 |         </DialogContent>
  378 |       </Dialog>
> 379 |     </Card>
      |       ^^^^
  380 |   );
  381 | }
  382 |

Expected corresponding JSX closing tag for <div>

Import traces:
  Client Component Browser:
    ./src/components/device-access-panel.tsx [Client Component Browser]
    ./src/app/devices/[id]/page.tsx [Client Component Browser]
    ./src/app/devices/[id]/page.tsx [Server Component]

  Client Component SSR:
    ./src/components/device-access-panel.tsx [Client Component SSR]
    ./src/app/devices/[id]/page.tsx [Client Component SSR]
    ./src/app/devices/[id]/page.tsx [Server Component] @ http://127.0.0.1:3010/_next/static/chunks/node_modules_next_dist_b3fb3b5f._.js:1920
[    2069ms] [ERROR] ./src/components/device-access-panel.tsx:379:7
Parsing ecmascript source code failed
  377 |         </DialogContent>
  378 |       </Dialog>
> 379 |     </Card>
      |       ^^^^
  380 |   );
  381 | }
  382 |

Expected corresponding JSX closing tag for <div>

Import traces:
  Client Component Browser:
    ./src/components/device-access-panel.tsx [Client Component Browser]
    ./src/app/devices/[id]/page.tsx [Client Component Browser]
    ./src/app/devices/[id]/page.tsx [Server Component]

  Client Component SSR:
    ./src/components/device-access-panel.tsx [Client Component SSR]
    ./src/app/devices/[id]/page.tsx [Client Component SSR]
    ./src/app/devices/[id]/page.tsx [Server Component] @ http://127.0.0.1:3010/_next/static/chunks/node_modules_next_dist_b3fb3b5f._.js:1920
[    2121ms] [ERROR] ./src/components/device-access-panel.tsx:379:7
Parsing ecmascript source code failed
  377 |         </DialogContent>
  378 |       </Dialog>
> 379 |     </Card>
      |       ^^^^
  380 |   );
  381 | }
  382 |

Expected corresponding JSX closing tag for <div>

Import traces:
  Client Component Browser:
    ./src/components/device-access-panel.tsx [Client Component Browser]
    ./src/app/devices/[id]/page.tsx [Client Component Browser]
    ./src/app/devices/[id]/page.tsx [Server Component]

  Client Component SSR:
    ./src/components/device-access-panel.tsx [Client Component SSR]
    ./src/app/devices/[id]/page.tsx [Client Component SSR]
    ./src/app/devices/[id]/page.tsx [Server Component] @ http://127.0.0.1:3010/_next/static/chunks/node_modules_next_dist_b3fb3b5f._.js:1920
[    2176ms] [ERROR] ./src/components/device-access-panel.tsx:379:7
Parsing ecmascript source code failed
  377 |         </DialogContent>
  378 |       </Dialog>
> 379 |     </Card>
      |       ^^^^
  380 |   );
  381 | }
  382 |

Expected corresponding JSX closing tag for <div>

Import traces:
  Client Component Browser:
    ./src/components/device-access-panel.tsx [Client Component Browser]
    ./src/app/devices/[id]/page.tsx [Client Component Browser]
    ./src/app/devices/[id]/page.tsx [Server Component]

  Client Component SSR:
    ./src/components/device-access-panel.tsx [Client Component SSR]
    ./src/app/devices/[id]/page.tsx [Client Component SSR]
    ./src/app/devices/[id]/page.tsx [Server Component] @ http://127.0.0.1:3010/_next/static/chunks/node_modules_next_dist_b3fb3b5f._.js:1920
[    2231ms] [ERROR] ./src/components/device-access-panel.tsx:379:7
Parsing ecmascript source code failed
  377 |         </DialogContent>
  378 |       </Dialog>
> 379 |     </Card>
      |       ^^^^
  380 |   );
  381 | }
  382 |

Expected corresponding JSX closing tag for <div>

Import traces:
  Client Component Browser:
    ./src/components/device-access-panel.tsx [Client Component Browser]
    ./src/app/devices/[id]/page.tsx [Client Component Browser]
    ./src/app/devices/[id]/page.tsx [Server Component]

  Client Component SSR:
    ./src/components/device-access-panel.tsx [Client Component SSR]
    ./src/app/devices/[id]/page.tsx [Client Component SSR]
    ./src/app/devices/[id]/page.tsx [Server Component] @ http://127.0.0.1:3010/_next/static/chunks/node_modules_next_dist_b3fb3b5f._.js:1920
[    2288ms] [ERROR] ./src/components/device-access-panel.tsx:379:7
Parsing ecmascript source code failed
  377 |         </DialogContent>
  378 |       </Dialog>
> 379 |     </Card>
      |       ^^^^
  380 |   );
  381 | }
  382 |

Expected corresponding JSX closing tag for <div>

Import traces:
  Client Component Browser:
    ./src/components/device-access-panel.tsx [Client Component Browser]
    ./src/app/devices/[id]/page.tsx [Client Component Browser]
    ./src/app/devices/[id]/page.tsx [Server Component]

  Client Component SSR:
    ./src/components/device-access-panel.tsx [Client Component SSR]
    ./src/app/devices/[id]/page.tsx [Client Component SSR]
    ./src/app/devices/[id]/page.tsx [Server Component] @ http://127.0.0.1:3010/_next/static/chunks/node_modules_next_dist_b3fb3b5f._.js:1920
[    2343ms] [ERROR] ./src/components/device-access-panel.tsx:379:7
Parsing ecmascript source code failed
  377 |         </DialogContent>
  378 |       </Dialog>
> 379 |     </Card>
      |       ^^^^
  380 |   );
  381 | }
  382 |

Expected corresponding JSX closing tag for <div>

Import traces:
  Client Component Browser:
    ./src/components/device-access-panel.tsx [Client Component Browser]
    ./src/app/devices/[id]/page.tsx [Client Component Browser]
    ./src/app/devices/[id]/page.tsx [Server Component]

  Client Component SSR:
    ./src/components/device-access-panel.tsx [Client Component SSR]
    ./src/app/devices/[id]/page.tsx [Client Component SSR]
    ./src/app/devices/[id]/page.tsx [Server Component] @ http://127.0.0.1:3010/_next/static/chunks/node_modules_next_dist_b3fb3b5f._.js:1920
[    2396ms] [ERROR] ./src/components/device-access-panel.tsx:379:7
Parsing ecmascript source code failed
  377 |         </DialogContent>
  378 |       </Dialog>
> 379 |     </Card>
      |       ^^^^
  380 |   );
  381 | }
  382 |

Expected corresponding JSX closing tag for <div>

Import traces:
  Client Component Browser:
    ./src/components/device-access-panel.tsx [Client Component Browser]
    ./src/app/devices/[id]/page.tsx [Client Component Browser]
    ./src/app/devices/[id]/page.tsx [Server Component]

  Client Component SSR:
    ./src/components/device-access-panel.tsx [Client Component SSR]
    ./src/app/devices/[id]/page.tsx [Client Component SSR]
    ./src/app/devices/[id]/page.tsx [Server Component] @ http://127.0.0.1:3010/_next/static/chunks/node_modules_next_dist_b3fb3b5f._.js:1920
[    2433ms] [WARNING] [Fast Refresh] performing full reload because your application had an unrecoverable error @ http://127.0.0.1:3010/_next/static/chunks/node_modules_next_dist_b3fb3b5f._.js:1206
