[  143749ms] [ERROR] Failed to load resource: net::ERR_INCOMPLETE_CHUNKED_ENCODING @ http://localhost:3010/api/chat:0
[  143804ms] [ERROR] Failed to load resource: net::ERR_INCOMPLETE_CHUNKED_ENCODING @ http://localhost:3010/api/state/stream:0
[  144154ms] [ERROR] Failed to load resource: net::ERR_CONNECTION_REFUSED @ http://localhost:3010/__nextjs_font/geist-latin.woff2:0
[  144806ms] [ERROR] WebSocket connection to 'ws://localhost:3010/_next/webpack-hmr?id=E42kVWI7Nr-2P5A7wt8QM' failed: Error in connection establishment: net::ERR_CONNECTION_REFUSED @ http://localhost:3010/_next/static/chunks/node_modules_next_dist_client_17643121._.js:10878
[  145806ms] [ERROR] Failed to load resource: net::ERR_CONNECTION_REFUSED @ http://localhost:3010/api/state/stream:0
[  145808ms] [ERROR] WebSocket connection to 'ws://localhost:3010/_next/webpack-hmr?id=E42kVWI7Nr-2P5A7wt8QM' failed: Error in connection establishment: net::ERR_CONNECTION_REFUSED @ http://localhost:3010/_next/static/chunks/node_modules_next_dist_client_17643121._.js:10878
[  146811ms] [ERROR] WebSocket connection to 'ws://localhost:3010/_next/webpack-hmr?id=E42kVWI7Nr-2P5A7wt8QM' failed: Error in connection establishment: net::ERR_CONNECTION_REFUSED @ http://localhost:3010/_next/static/chunks/node_modules_next_dist_client_17643121._.js:10878
[  147809ms] [ERROR] Failed to load resource: net::ERR_CONNECTION_REFUSED @ http://localhost:3010/api/state/stream:0
[  147812ms] [ERROR] WebSocket connection to 'ws://localhost:3010/_next/webpack-hmr?id=E42kVWI7Nr-2P5A7wt8QM' failed: Error in connection establishment: net::ERR_CONNECTION_REFUSED @ http://localhost:3010/_next/static/chunks/node_modules_next_dist_client_17643121._.js:10878
[  148814ms] [ERROR] WebSocket connection to 'ws://localhost:3010/_next/webpack-hmr?id=E42kVWI7Nr-2P5A7wt8QM' failed: Error in connection establishment: net::ERR_CONNECTION_REFUSED @ http://localhost:3010/_next/static/chunks/node_modules_next_dist_client_17643121._.js:10878
[  149811ms] [ERROR] Failed to load resource: net::ERR_CONNECTION_REFUSED @ http://localhost:3010/api/state/stream:0
[  151813ms] [ERROR] Failed to load resource: net::ERR_CONNECTION_REFUSED @ http://localhost:3010/api/state/stream:0
[  153815ms] [ERROR] WebSocket connection to 'ws://localhost:3010/_next/webpack-hmr?id=E42kVWI7Nr-2P5A7wt8QM' failed: Error in connection establishment: net::ERR_CONNECTION_REFUSED @ http://localhost:3010/_next/static/chunks/node_modules_next_dist_client_17643121._.js:10878
[  153815ms] [ERROR] Failed to load resource: net::ERR_CONNECTION_REFUSED @ http://localhost:3010/api/state/stream:0
[  155817ms] [ERROR] Failed to load resource: net::ERR_CONNECTION_REFUSED @ http://localhost:3010/api/state/stream:0
[  157820ms] [ERROR] Failed to load resource: net::ERR_CONNECTION_REFUSED @ http://localhost:3010/api/state/stream:0
[  158817ms] [ERROR] WebSocket connection to 'ws://localhost:3010/_next/webpack-hmr?id=E42kVWI7Nr-2P5A7wt8QM' failed: Error in connection establishment: net::ERR_CONNECTION_REFUSED @ http://localhost:3010/_next/static/chunks/node_modules_next_dist_client_17643121._.js:10878
[  159822ms] [ERROR] Failed to load resource: net::ERR_CONNECTION_REFUSED @ http://localhost:3010/api/state/stream:0
[  161823ms] [ERROR] Failed to load resource: net::ERR_CONNECTION_REFUSED @ http://localhost:3010/api/state/stream:0
[  163819ms] [ERROR] WebSocket connection to 'ws://localhost:3010/_next/webpack-hmr?id=E42kVWI7Nr-2P5A7wt8QM' failed: Error in connection establishment: net::ERR_CONNECTION_REFUSED @ http://localhost:3010/_next/static/chunks/node_modules_next_dist_client_17643121._.js:10878
[  163825ms] [ERROR] Failed to load resource: net::ERR_CONNECTION_REFUSED @ http://localhost:3010/api/state/stream:0
[  165829ms] [ERROR] Failed to load resource: net::ERR_CONNECTION_REFUSED @ http://localhost:3010/api/state/stream:0
[  167830ms] [ERROR] Failed to load resource: net::ERR_CONNECTION_REFUSED @ http://localhost:3010/api/state/stream:0
[  168822ms] [ERROR] WebSocket connection to 'ws://localhost:3010/_next/webpack-hmr?id=E42kVWI7Nr-2P5A7wt8QM' failed: Error in connection establishment: net::ERR_CONNECTION_REFUSED @ http://localhost:3010/_next/static/chunks/node_modules_next_dist_client_17643121._.js:10878
[  169833ms] [ERROR] Failed to load resource: net::ERR_CONNECTION_REFUSED @ http://localhost:3010/api/state/stream:0
[  171834ms] [ERROR] Failed to load resource: net::ERR_CONNECTION_REFUSED @ http://localhost:3010/api/state/stream:0
[  173825ms] [ERROR] WebSocket connection to 'ws://localhost:3010/_next/webpack-hmr?id=E42kVWI7Nr-2P5A7wt8QM' failed: Error in connection establishment: net::ERR_CONNECTION_REFUSED @ http://localhost:3010/_next/static/chunks/node_modules_next_dist_client_17643121._.js:10878
[  173836ms] [ERROR] Failed to load resource: net::ERR_CONNECTION_REFUSED @ http://localhost:3010/api/state/stream:0
[  175838ms] [ERROR] Failed to load resource: net::ERR_CONNECTION_REFUSED @ http://localhost:3010/api/state/stream:0
[  177840ms] [ERROR] Failed to load resource: net::ERR_CONNECTION_REFUSED @ http://localhost:3010/api/state/stream:0
[  178829ms] [ERROR] WebSocket connection to 'ws://localhost:3010/_next/webpack-hmr?id=E42kVWI7Nr-2P5A7wt8QM' failed: Error in connection establishment: net::ERR_CONNECTION_REFUSED @ http://localhost:3010/_next/static/chunks/node_modules_next_dist_client_17643121._.js:10878
[  179842ms] [ERROR] Failed to load resource: net::ERR_CONNECTION_REFUSED @ http://localhost:3010/api/state/stream:0
[  181845ms] [ERROR] Failed to load resource: net::ERR_CONNECTION_REFUSED @ http://localhost:3010/api/state/stream:0
[  183832ms] [ERROR] WebSocket connection to 'ws://localhost:3010/_next/webpack-hmr?id=E42kVWI7Nr-2P5A7wt8QM' failed: Error in connection establishment: net::ERR_CONNECTION_REFUSED @ http://localhost:3010/_next/static/chunks/node_modules_next_dist_client_17643121._.js:10878
[  183872ms] [ERROR] Failed to load resource: net::ERR_CONNECTION_REFUSED @ http://localhost:3010/api/state/stream:0
[  332828ms] [ERROR] Failed to load resource: net::ERR_INCOMPLETE_CHUNKED_ENCODING @ http://localhost:3010/api/state/stream:0
[  333830ms] [ERROR] WebSocket connection to 'ws://localhost:3010/_next/webpack-hmr?id=iiISPMe38TsWuP8FKIaTK' failed: Error in connection establishment: net::ERR_CONNECTION_REFUSED @ http://localhost:3010/_next/static/chunks/node_modules_next_dist_client_17643121._.js:10878
[  334831ms] [ERROR] Failed to load resource: net::ERR_CONNECTION_REFUSED @ http://localhost:3010/api/state/stream:0
[  334831ms] [ERROR] WebSocket connection to 'ws://localhost:3010/_next/webpack-hmr?id=iiISPMe38TsWuP8FKIaTK' failed: Error in connection establishment: net::ERR_CONNECTION_REFUSED @ http://localhost:3010/_next/static/chunks/node_modules_next_dist_client_17643121._.js:10878
[  335834ms] [ERROR] WebSocket connection to 'ws://localhost:3010/_next/webpack-hmr?id=iiISPMe38TsWuP8FKIaTK' failed: Error in connection establishment: net::ERR_CONNECTION_REFUSED @ http://localhost:3010/_next/static/chunks/node_modules_next_dist_client_17643121._.js:10878
[  336833ms] [ERROR] Failed to load resource: net::ERR_CONNECTION_REFUSED @ http://localhost:3010/api/state/stream:0
[  336835ms] [ERROR] WebSocket connection to 'ws://localhost:3010/_next/webpack-hmr?id=iiISPMe38TsWuP8FKIaTK' failed: Error in connection establishment: net::ERR_CONNECTION_REFUSED @ http://localhost:3010/_next/static/chunks/node_modules_next_dist_client_17643121._.js:10878
[  337837ms] [ERROR] WebSocket connection to 'ws://localhost:3010/_next/webpack-hmr?id=iiISPMe38TsWuP8FKIaTK' failed: Error in connection establishment: net::ERR_CONNECTION_REFUSED @ http://localhost:3010/_next/static/chunks/node_modules_next_dist_client_17643121._.js:10878
[  338837ms] [ERROR] Failed to load resource: net::ERR_CONNECTION_REFUSED @ http://localhost:3010/api/state/stream:0
[  340840ms] [ERROR] Failed to load resource: net::ERR_CONNECTION_REFUSED @ http://localhost:3010/api/state/stream:0
[  342840ms] [ERROR] WebSocket connection to 'ws://localhost:3010/_next/webpack-hmr?id=iiISPMe38TsWuP8FKIaTK' failed: Error in connection establishment: net::ERR_CONNECTION_REFUSED @ http://localhost:3010/_next/static/chunks/node_modules_next_dist_client_17643121._.js:10878
[  342841ms] [ERROR] Failed to load resource: net::ERR_CONNECTION_REFUSED @ http://localhost:3010/api/state/stream:0
[  344845ms] [ERROR] Failed to load resource: net::ERR_CONNECTION_REFUSED @ http://localhost:3010/api/state/stream:0
[  346848ms] [ERROR] Failed to load resource: net::ERR_CONNECTION_REFUSED @ http://localhost:3010/api/state/stream:0
[  347843ms] [ERROR] WebSocket connection to 'ws://localhost:3010/_next/webpack-hmr?id=iiISPMe38TsWuP8FKIaTK' failed: Error in connection establishment: net::ERR_CONNECTION_REFUSED @ http://localhost:3010/_next/static/chunks/node_modules_next_dist_client_17643121._.js:10878
[  348850ms] [ERROR] Failed to load resource: net::ERR_CONNECTION_REFUSED @ http://localhost:3010/api/state/stream:0
[  350853ms] [ERROR] Failed to load resource: net::ERR_CONNECTION_REFUSED @ http://localhost:3010/api/state/stream:0
[  352845ms] [ERROR] WebSocket connection to 'ws://localhost:3010/_next/webpack-hmr?id=iiISPMe38TsWuP8FKIaTK' failed: Error in connection establishment: net::ERR_CONNECTION_REFUSED @ http://localhost:3010/_next/static/chunks/node_modules_next_dist_client_17643121._.js:10878
[  352855ms] [ERROR] Failed to load resource: net::ERR_CONNECTION_REFUSED @ http://localhost:3010/api/state/stream:0
[  354857ms] [ERROR] Failed to load resource: net::ERR_CONNECTION_REFUSED @ http://localhost:3010/api/state/stream:0
[  356859ms] [ERROR] Failed to load resource: net::ERR_CONNECTION_REFUSED @ http://localhost:3010/api/state/stream:0
[  357849ms] [ERROR] WebSocket connection to 'ws://localhost:3010/_next/webpack-hmr?id=iiISPMe38TsWuP8FKIaTK' failed: Error in connection establishment: net::ERR_CONNECTION_REFUSED @ http://localhost:3010/_next/static/chunks/node_modules_next_dist_client_17643121._.js:10878
[  358862ms] [ERROR] Failed to load resource: net::ERR_CONNECTION_REFUSED @ http://localhost:3010/api/state/stream:0
[  360865ms] [ERROR] Failed to load resource: net::ERR_CONNECTION_REFUSED @ http://localhost:3010/api/state/stream:0
[  362852ms] [ERROR] WebSocket connection to 'ws://localhost:3010/_next/webpack-hmr?id=iiISPMe38TsWuP8FKIaTK' failed: Error in connection establishment: net::ERR_CONNECTION_REFUSED @ http://localhost:3010/_next/static/chunks/node_modules_next_dist_client_17643121._.js:10878
[  362867ms] [ERROR] Failed to load resource: net::ERR_CONNECTION_REFUSED @ http://localhost:3010/api/state/stream:0
[  364870ms] [ERROR] Failed to load resource: net::ERR_CONNECTION_REFUSED @ http://localhost:3010/api/state/stream:0
[  366872ms] [ERROR] Failed to load resource: net::ERR_CONNECTION_REFUSED @ http://localhost:3010/api/state/stream:0
[  367854ms] [ERROR] WebSocket connection to 'ws://localhost:3010/_next/webpack-hmr?id=iiISPMe38TsWuP8FKIaTK' failed: Error in connection establishment: net::ERR_CONNECTION_REFUSED @ http://localhost:3010/_next/static/chunks/node_modules_next_dist_client_17643121._.js:10878
[  368874ms] [ERROR] Failed to load resource: net::ERR_CONNECTION_REFUSED @ http://localhost:3010/api/state/stream:0
[  370878ms] [ERROR] Failed to load resource: net::ERR_CONNECTION_REFUSED @ http://localhost:3010/api/state/stream:0
[  372856ms] [ERROR] WebSocket connection to 'ws://localhost:3010/_next/webpack-hmr?id=iiISPMe38TsWuP8FKIaTK' failed: Error in connection establishment: net::ERR_CONNECTION_REFUSED @ http://localhost:3010/_next/static/chunks/node_modules_next_dist_client_17643121._.js:10878
[  372901ms] [ERROR] Failed to load resource: net::ERR_CONNECTION_REFUSED @ http://localhost:3010/api/state/stream:0
