[   23838ms] [ERROR] The Content Security Policy directive 'frame-ancestors' is ignored when delivered via a <meta> element. @ about:srcdoc:0
[   37258ms] [ERROR] The Content Security Policy directive 'frame-ancestors' is ignored when delivered via a <meta> element. @ about:srcdoc:0
[   63327ms] [ERROR] Failed to load resource: net::ERR_INCOMPLETE_CHUNKED_ENCODING @ http://localhost:3010/api/state/stream:0
[   63328ms] [ERROR] Failed to load resource: net::ERR_CONNECTION_REFUSED @ http://localhost:3010/api/auth/me:0
[   64329ms] [ERROR] WebSocket connection to 'ws://localhost:3010/_next/webpack-hmr?id=9oOcKn35Mwas-XBDRMIm6' failed: Error in connection establishment: net::ERR_CONNECTION_REFUSED @ http://localhost:3010/_next/static/chunks/node_modules_next_dist_client_17643121._.js:10878
[   65330ms] [ERROR] Failed to load resource: net::ERR_CONNECTION_REFUSED @ http://localhost:3010/api/state/stream:0
[   65330ms] [ERROR] WebSocket connection to 'ws://localhost:3010/_next/webpack-hmr?id=9oOcKn35Mwas-XBDRMIm6' failed: Error in connection establishment: net::ERR_CONNECTION_REFUSED @ http://localhost:3010/_next/static/chunks/node_modules_next_dist_client_17643121._.js:10878
[   65331ms] [ERROR] Failed to load resource: net::ERR_CONNECTION_REFUSED @ http://localhost:3010/api/auth/me:0
[   66332ms] [ERROR] WebSocket connection to 'ws://localhost:3010/_next/webpack-hmr?id=9oOcKn35Mwas-XBDRMIm6' failed: Error in connection establishment: net::ERR_CONNECTION_REFUSED @ http://localhost:3010/_next/static/chunks/node_modules_next_dist_client_17643121._.js:10878
[   67333ms] [ERROR] Failed to load resource: net::ERR_CONNECTION_REFUSED @ http://localhost:3010/api/state/stream:0
[   67333ms] [ERROR] WebSocket connection to 'ws://localhost:3010/_next/webpack-hmr?id=9oOcKn35Mwas-XBDRMIm6' failed: Error in connection establishment: net::ERR_CONNECTION_REFUSED @ http://localhost:3010/_next/static/chunks/node_modules_next_dist_client_17643121._.js:10878
[   67333ms] [ERROR] Failed to load resource: net::ERR_CONNECTION_REFUSED @ http://localhost:3010/api/auth/me:0
[   68335ms] [ERROR] WebSocket connection to 'ws://localhost:3010/_next/webpack-hmr?id=9oOcKn35Mwas-XBDRMIm6' failed: Error in connection establishment: net::ERR_CONNECTION_REFUSED @ http://localhost:3010/_next/static/chunks/node_modules_next_dist_client_17643121._.js:10878
[   69336ms] [ERROR] Failed to load resource: net::ERR_CONNECTION_REFUSED @ http://localhost:3010/api/state/stream:0
[   69337ms] [ERROR] Failed to load resource: net::ERR_CONNECTION_REFUSED @ http://localhost:3010/api/auth/me:0
[   71338ms] [ERROR] Failed to load resource: net::ERR_CONNECTION_REFUSED @ http://localhost:3010/api/state/stream:0
[   71339ms] [ERROR] Failed to load resource: net::ERR_CONNECTION_REFUSED @ http://localhost:3010/api/auth/me:0
[   73337ms] [ERROR] WebSocket connection to 'ws://localhost:3010/_next/webpack-hmr?id=9oOcKn35Mwas-XBDRMIm6' failed: Error in connection establishment: net::ERR_CONNECTION_REFUSED @ http://localhost:3010/_next/static/chunks/node_modules_next_dist_client_17643121._.js:10878
[   73341ms] [ERROR] Failed to load resource: net::ERR_CONNECTION_REFUSED @ http://localhost:3010/api/state/stream:0
[   73342ms] [ERROR] Failed to load resource: net::ERR_CONNECTION_REFUSED @ http://localhost:3010/api/auth/me:0
[   75347ms] [ERROR] Failed to load resource: net::ERR_CONNECTION_REFUSED @ http://localhost:3010/api/state/stream:0
[   75348ms] [ERROR] Failed to load resource: net::ERR_CONNECTION_REFUSED @ http://localhost:3010/api/auth/me:0
[   77351ms] [ERROR] Failed to load resource: net::ERR_CONNECTION_REFUSED @ http://localhost:3010/api/state/stream:0
[   77352ms] [ERROR] Failed to load resource: net::ERR_CONNECTION_REFUSED @ http://localhost:3010/api/auth/me:0
[   78339ms] [ERROR] WebSocket connection to 'ws://localhost:3010/_next/webpack-hmr?id=9oOcKn35Mwas-XBDRMIm6' failed: Error in connection establishment: net::ERR_CONNECTION_REFUSED @ http://localhost:3010/_next/static/chunks/node_modules_next_dist_client_17643121._.js:10878
[   79353ms] [ERROR] Failed to load resource: net::ERR_CONNECTION_REFUSED @ http://localhost:3010/api/state/stream:0
[   79354ms] [ERROR] Failed to load resource: net::ERR_CONNECTION_REFUSED @ http://localhost:3010/api/auth/me:0
[   81357ms] [ERROR] Failed to load resource: net::ERR_CONNECTION_REFUSED @ http://localhost:3010/api/state/stream:0
[   81358ms] [ERROR] Failed to load resource: net::ERR_CONNECTION_REFUSED @ http://localhost:3010/api/auth/me:0
[   83342ms] [ERROR] WebSocket connection to 'ws://localhost:3010/_next/webpack-hmr?id=9oOcKn35Mwas-XBDRMIm6' failed: Error in connection establishment: net::ERR_CONNECTION_REFUSED @ http://localhost:3010/_next/static/chunks/node_modules_next_dist_client_17643121._.js:10878
[   83361ms] [ERROR] Failed to load resource: net::ERR_CONNECTION_REFUSED @ http://localhost:3010/api/state/stream:0
[   83361ms] [ERROR] Failed to load resource: net::ERR_CONNECTION_REFUSED @ http://localhost:3010/api/auth/me:0
[   85364ms] [ERROR] Failed to load resource: net::ERR_CONNECTION_REFUSED @ http://localhost:3010/api/state/stream:0
[   85364ms] [ERROR] Failed to load resource: net::ERR_CONNECTION_REFUSED @ http://localhost:3010/api/auth/me:0
[   87366ms] [ERROR] Failed to load resource: net::ERR_CONNECTION_REFUSED @ http://localhost:3010/api/state/stream:0
[   87367ms] [ERROR] Failed to load resource: net::ERR_CONNECTION_REFUSED @ http://localhost:3010/api/auth/me:0
[   88347ms] [ERROR] WebSocket connection to 'ws://localhost:3010/_next/webpack-hmr?id=9oOcKn35Mwas-XBDRMIm6' failed: Error in connection establishment: net::ERR_CONNECTION_REFUSED @ http://localhost:3010/_next/static/chunks/node_modules_next_dist_client_17643121._.js:10878
[   89371ms] [ERROR] Failed to load resource: net::ERR_CONNECTION_REFUSED @ http://localhost:3010/api/state/stream:0
[   89372ms] [ERROR] Failed to load resource: net::ERR_CONNECTION_REFUSED @ http://localhost:3010/api/auth/me:0
[   91375ms] [ERROR] Failed to load resource: net::ERR_CONNECTION_REFUSED @ http://localhost:3010/api/state/stream:0
[   91376ms] [ERROR] Failed to load resource: net::ERR_CONNECTION_REFUSED @ http://localhost:3010/api/auth/me:0
[   93349ms] [ERROR] WebSocket connection to 'ws://localhost:3010/_next/webpack-hmr?id=9oOcKn35Mwas-XBDRMIm6' failed: Error in connection establishment: net::ERR_CONNECTION_REFUSED @ http://localhost:3010/_next/static/chunks/node_modules_next_dist_client_17643121._.js:10878
[   93378ms] [ERROR] Failed to load resource: net::ERR_CONNECTION_REFUSED @ http://localhost:3010/api/state/stream:0
[   93379ms] [ERROR] Failed to load resource: net::ERR_CONNECTION_REFUSED @ http://localhost:3010/api/auth/me:0
[   95381ms] [ERROR] Failed to load resource: net::ERR_CONNECTION_REFUSED @ http://localhost:3010/api/state/stream:0
[   95381ms] [ERROR] Failed to load resource: net::ERR_CONNECTION_REFUSED @ http://localhost:3010/api/auth/me:0
[   97384ms] [ERROR] Failed to load resource: net::ERR_CONNECTION_REFUSED @ http://localhost:3010/api/state/stream:0
[   97384ms] [ERROR] Failed to load resource: net::ERR_CONNECTION_REFUSED @ http://localhost:3010/api/auth/me:0
[   98352ms] [ERROR] WebSocket connection to 'ws://localhost:3010/_next/webpack-hmr?id=9oOcKn35Mwas-XBDRMIm6' failed: Error in connection establishment: net::ERR_CONNECTION_REFUSED @ http://localhost:3010/_next/static/chunks/node_modules_next_dist_client_17643121._.js:10878
[   99387ms] [ERROR] Failed to load resource: net::ERR_CONNECTION_REFUSED @ http://localhost:3010/api/state/stream:0
[   99388ms] [ERROR] Failed to load resource: net::ERR_CONNECTION_REFUSED @ http://localhost:3010/api/auth/me:0
[  101391ms] [ERROR] Failed to load resource: net::ERR_CONNECTION_REFUSED @ http://localhost:3010/api/state/stream:0
[  101391ms] [ERROR] Failed to load resource: net::ERR_CONNECTION_REFUSED @ http://localhost:3010/api/auth/me:0
[  103355ms] [ERROR] WebSocket connection to 'ws://localhost:3010/_next/webpack-hmr?id=9oOcKn35Mwas-XBDRMIm6' failed: Error in connection establishment: net::ERR_CONNECTION_REFUSED @ http://localhost:3010/_next/static/chunks/node_modules_next_dist_client_17643121._.js:10878
[  103400ms] [ERROR] Failed to load resource: net::ERR_CONNECTION_REFUSED @ http://localhost:3010/api/state/stream:0
